<?xml version="1.0" encoding="UTF-8"?>
<!-- Generated by org.testng.reporters.JUnitXMLReporter -->
<testsuite hostname="DESKTOP-N60COK1" ignored="0" name="Test" tests="4" failures="0" timestamp="2020-05-03T14:14:27 IST" time="0.086" errors="0">
  <testcase name="nativeAppAndroid" time="0.007" classname="qaclickacademy.AppiumTest"/>
  <testcase name="nativeAppIos" time="0.001" classname="qaclickacademy.AppiumTest"/>
  <testcase name="browserAutomation" time="0.001" classname="qaclickacademy.SeleniumTest"/>
  <testcase name="elementsUi" time="0.0" classname="qaclickacademy.SeleniumTest"/>
</testsuite> <!-- Test -->
