<?xml version="1.0" encoding="UTF-8"?>
<testng-results skipped="0" failed="0" ignored="0" total="4" passed="4">
  <reporter-output>
  </reporter-output>
  <suite name="Suite" duration-ms="86" started-at="2020-05-03T14:14:27 IST" finished-at="2020-05-03T14:14:27 IST">
    <groups>
    </groups>
    <test name="Test" duration-ms="86" started-at="2020-05-03T14:14:27 IST" finished-at="2020-05-03T14:14:27 IST">
      <class name="qaclickacademy.AppiumTest">
        <test-method status="PASS" signature="nativeAppAndroid()[pri:0, instance:qaclickacademy.AppiumTest@4cf777e8]" name="nativeAppAndroid" duration-ms="7" started-at="2020-05-03T14:14:27 IST" finished-at="2020-05-03T14:14:27 IST">
          <reporter-output>
          </reporter-output>
        </test-method> <!-- nativeAppAndroid -->
        <test-method status="PASS" signature="nativeAppIos()[pri:0, instance:qaclickacademy.AppiumTest@4cf777e8]" name="nativeAppIos" duration-ms="1" started-at="2020-05-03T14:14:27 IST" finished-at="2020-05-03T14:14:27 IST">
          <reporter-output>
          </reporter-output>
        </test-method> <!-- nativeAppIos -->
      </class> <!-- qaclickacademy.AppiumTest -->
      <class name="qaclickacademy.SeleniumTest">
        <test-method status="PASS" signature="browserAutomation()[pri:0, instance:qaclickacademy.SeleniumTest@2f686d1f]" name="browserAutomation" duration-ms="1" started-at="2020-05-03T14:14:27 IST" finished-at="2020-05-03T14:14:27 IST">
          <reporter-output>
          </reporter-output>
        </test-method> <!-- browserAutomation -->
        <test-method status="PASS" signature="elementsUi()[pri:0, instance:qaclickacademy.SeleniumTest@2f686d1f]" name="elementsUi" duration-ms="0" started-at="2020-05-03T14:14:27 IST" finished-at="2020-05-03T14:14:27 IST">
          <reporter-output>
          </reporter-output>
        </test-method> <!-- elementsUi -->
      </class> <!-- qaclickacademy.SeleniumTest -->
    </test> <!-- Test -->
  </suite> <!-- Suite -->
</testng-results>
